<?xml version="1.0" encoding="UTF-8"?>
<testng-results ignored="0" total="11" passed="9" failed="2" skipped="0">
  <reporter-output>
  </reporter-output>
  <suite started-at="2023-08-30T19:05:19 IST" name="Suite" finished-at="2023-08-30T19:06:04 IST" duration-ms="44505">
    <groups>
      <group name="POST">
        <method signature="com_Site1.POST_tc003()[pri:0, instance:com.RestAssured.com_Site1@1afd44cb]" name="POST_tc003" class="com.RestAssured.com_Site1"/>
      </group> <!-- POST -->
      <group name="GET">
        <method signature="com_Site1.GET_tc001()[pri:0, instance:com.RestAssured.com_Site1@1afd44cb]" name="GET_tc001" class="com.RestAssured.com_Site1"/>
        <method signature="com_Site1.GET_tc002()[pri:0, instance:com.RestAssured.com_Site1@1afd44cb]" name="GET_tc002" class="com.RestAssured.com_Site1"/>
      </group> <!-- GET -->
      <group name="PUT">
        <method signature="com_Site1.PUT_tc004()[pri:0, instance:com.RestAssured.com_Site1@1afd44cb]" name="PUT_tc004" class="com.RestAssured.com_Site1"/>
      </group> <!-- PUT -->
    </groups>
    <test started-at="2023-08-30T19:05:19 IST" name="Test" finished-at="2023-08-30T19:06:04 IST" duration-ms="44505">
      <class name="com.RestAssured.com_Site1">
        <test-method signature="GET_tc001()[pri:0, instance:com.RestAssured.com_Site1@1afd44cb]" started-at="2023-08-30T19:05:19 IST" name="GET_tc001" finished-at="2023-08-30T19:05:44 IST" duration-ms="24838" status="PASS">
          <reporter-output>
          </reporter-output>
        </test-method> <!-- GET_tc001 -->
        <test-method signature="GET_tc002()[pri:0, instance:com.RestAssured.com_Site1@1afd44cb]" started-at="2023-08-30T19:05:44 IST" name="GET_tc002" finished-at="2023-08-30T19:05:46 IST" duration-ms="1572" status="FAIL">
          <exception class="java.lang.AssertionError">
            <message>
              <![CDATA[1 expectation failed.
Expected status code <200> but was <429>.
]]>
            </message>
            <full-stacktrace>
              <![CDATA[java.lang.AssertionError: 1 expectation failed.
Expected status code <200> but was <429>.

at java.base/jdk.internal.reflect.DirectConstructorHandleAccessor.newInstance(DirectConstructorHandleAccessor.java:67)
at java.base/java.lang.reflect.Constructor.newInstanceWithCaller(Constructor.java:499)
at java.base/java.lang.reflect.Constructor.newInstance(Constructor.java:483)
at org.codehaus.groovy.reflection.CachedConstructor.invoke(CachedConstructor.java:73)
at org.codehaus.groovy.runtime.callsite.ConstructorSite$ConstructorSiteNoUnwrapNoCoerce.callConstructor(ConstructorSite.java:108)
at org.codehaus.groovy.runtime.callsite.CallSiteArray.defaultCallConstructor(CallSiteArray.java:57)
at org.codehaus.groovy.runtime.callsite.AbstractCallSite.callConstructor(AbstractCallSite.java:263)
at org.codehaus.groovy.runtime.callsite.AbstractCallSite.callConstructor(AbstractCallSite.java:277)
at io.restassured.internal.ResponseSpecificationImpl$HamcrestAssertionClosure.validate(ResponseSpecificationImpl.groovy:512)
at io.restassured.internal.ResponseSpecificationImpl$HamcrestAssertionClosure$validate$1.call(Unknown Source)
at io.restassured.internal.ResponseSpecificationImpl.validateResponseIfRequired(ResponseSpecificationImpl.groovy:696)
at io.restassured.internal.ResponseSpecificationImpl.this$2$validateResponseIfRequired(ResponseSpecificationImpl.groovy)
at java.base/jdk.internal.reflect.DirectMethodHandleAccessor.invoke(DirectMethodHandleAccessor.java:104)
at java.base/java.lang.reflect.Method.invoke(Method.java:577)
at org.codehaus.groovy.runtime.callsite.PlainObjectMetaMethodSite.doInvoke(PlainObjectMetaMethodSite.java:43)
at org.codehaus.groovy.runtime.callsite.PogoMetaMethodSite$PogoCachedMethodSiteNoUnwrapNoCoerce.invoke(PogoMetaMethodSite.java:198)
at org.codehaus.groovy.runtime.callsite.PogoMetaMethodSite.callCurrent(PogoMetaMethodSite.java:62)
at org.codehaus.groovy.runtime.callsite.AbstractCallSite.callCurrent(AbstractCallSite.java:185)
at io.restassured.internal.ResponseSpecificationImpl.statusCode(ResponseSpecificationImpl.groovy:135)
at io.restassured.specification.ResponseSpecification$statusCode$0.callCurrent(Unknown Source)
at io.restassured.internal.ResponseSpecificationImpl.statusCode(ResponseSpecificationImpl.groovy:143)
at io.restassured.internal.ValidatableResponseOptionsImpl.statusCode(ValidatableResponseOptionsImpl.java:89)
at com.RestAssured.com_Site1.GET_tc002(com_Site1.java:65)
at java.base/jdk.internal.reflect.DirectMethodHandleAccessor.invoke(DirectMethodHandleAccessor.java:104)
at java.base/java.lang.reflect.Method.invoke(Method.java:577)
at org.testng.internal.MethodInvocationHelper.invokeMethod(MethodInvocationHelper.java:133)
at org.testng.internal.TestInvoker.invokeMethod(TestInvoker.java:598)
at org.testng.internal.TestInvoker.invokeTestMethod(TestInvoker.java:173)
at org.testng.internal.MethodRunner.runInSequence(MethodRunner.java:46)
at org.testng.internal.TestInvoker$MethodInvocationAgent.invoke(TestInvoker.java:824)
at org.testng.internal.TestInvoker.invokeTestMethods(TestInvoker.java:146)
at org.testng.internal.TestMethodWorker.invokeTestMethods(TestMethodWorker.java:146)
at org.testng.internal.TestMethodWorker.run(TestMethodWorker.java:128)
at java.base/java.util.ArrayList.forEach(ArrayList.java:1511)
at org.testng.TestRunner.privateRun(TestRunner.java:794)
at org.testng.TestRunner.run(TestRunner.java:596)
at org.testng.SuiteRunner.runTest(SuiteRunner.java:377)
at org.testng.SuiteRunner.runSequentially(SuiteRunner.java:371)
at org.testng.SuiteRunner.privateRun(SuiteRunner.java:332)
at org.testng.SuiteRunner.run(SuiteRunner.java:276)
at org.testng.SuiteRunnerWorker.runSuite(SuiteRunnerWorker.java:53)
at org.testng.SuiteRunnerWorker.run(SuiteRunnerWorker.java:96)
at org.testng.TestNG.runSuitesSequentially(TestNG.java:1212)
at org.testng.TestNG.runSuitesLocally(TestNG.java:1134)
at org.testng.TestNG.runSuites(TestNG.java:1063)
at org.testng.TestNG.run(TestNG.java:1031)
at org.testng.remote.AbstractRemoteTestNG.run(AbstractRemoteTestNG.java:115)
at org.testng.remote.RemoteTestNG.initAndRun(RemoteTestNG.java:251)
at org.testng.remote.RemoteTestNG.main(RemoteTestNG.java:77)
]]>
            </full-stacktrace>
          </exception> <!-- java.lang.AssertionError -->
          <reporter-output>
          </reporter-output>
        </test-method> <!-- GET_tc002 -->
        <test-method signature="POST_tc003()[pri:0, instance:com.RestAssured.com_Site1@1afd44cb]" started-at="2023-08-30T19:05:46 IST" name="POST_tc003" finished-at="2023-08-30T19:05:49 IST" duration-ms="2588" status="FAIL">
          <exception class="io.restassured.path.json.exception.JsonPathException">
            <message>
              <![CDATA[Failed to parse the JSON document]]>
            </message>
            <full-stacktrace>
              <![CDATA[io.restassured.path.json.exception.JsonPathException: Failed to parse the JSON document
at io.restassured.path.json.JsonPath$ExceptionCatcher.invoke(JsonPath.java:1002)
at io.restassured.path.json.JsonPath$4.doParseWith(JsonPath.java:967)
at io.restassured.path.json.JsonPath$JsonParser.parseWith(JsonPath.java:1047)
at io.restassured.path.json.JsonPath.get(JsonPath.java:202)
at io.restassured.path.json.JsonPath.getString(JsonPath.java:352)
at com.RestAssured.com_Site1.POST_tc003(com_Site1.java:105)
at java.base/jdk.internal.reflect.DirectMethodHandleAccessor.invoke(DirectMethodHandleAccessor.java:104)
at java.base/java.lang.reflect.Method.invoke(Method.java:577)
at org.testng.internal.MethodInvocationHelper.invokeMethod(MethodInvocationHelper.java:133)
at org.testng.internal.TestInvoker.invokeMethod(TestInvoker.java:598)
at org.testng.internal.TestInvoker.invokeTestMethod(TestInvoker.java:173)
at org.testng.internal.MethodRunner.runInSequence(MethodRunner.java:46)
at org.testng.internal.TestInvoker$MethodInvocationAgent.invoke(TestInvoker.java:824)
at org.testng.internal.TestInvoker.invokeTestMethods(TestInvoker.java:146)
at org.testng.internal.TestMethodWorker.invokeTestMethods(TestMethodWorker.java:146)
at org.testng.internal.TestMethodWorker.run(TestMethodWorker.java:128)
at java.base/java.util.ArrayList.forEach(ArrayList.java:1511)
at org.testng.TestRunner.privateRun(TestRunner.java:794)
at org.testng.TestRunner.run(TestRunner.java:596)
at org.testng.SuiteRunner.runTest(SuiteRunner.java:377)
at org.testng.SuiteRunner.runSequentially(SuiteRunner.java:371)
at org.testng.SuiteRunner.privateRun(SuiteRunner.java:332)
at org.testng.SuiteRunner.run(SuiteRunner.java:276)
at org.testng.SuiteRunnerWorker.runSuite(SuiteRunnerWorker.java:53)
at org.testng.SuiteRunnerWorker.run(SuiteRunnerWorker.java:96)
at org.testng.TestNG.runSuitesSequentially(TestNG.java:1212)
at org.testng.TestNG.runSuitesLocally(TestNG.java:1134)
at org.testng.TestNG.runSuites(TestNG.java:1063)
at org.testng.TestNG.run(TestNG.java:1031)
at org.testng.remote.AbstractRemoteTestNG.run(AbstractRemoteTestNG.java:115)
at org.testng.remote.RemoteTestNG.initAndRun(RemoteTestNG.java:251)
at org.testng.remote.RemoteTestNG.main(RemoteTestNG.java:77)
Caused by: groovy.json.JsonException: Lexing failed on line: 1, column: 1, while reading '<', no possible valid JSON value or punctuation could be recognized.
at groovy.json.JsonLexer.nextToken(JsonLexer.java:86)
at groovy.json.JsonLexer$nextToken.call(Unknown Source)
at io.restassured.internal.path.json.ConfigurableJsonSlurper.parse(ConfigurableJsonSlurper.groovy:97)
at io.restassured.internal.path.json.ConfigurableJsonSlurper$parse.callCurrent(Unknown Source)
at io.restassured.internal.path.json.ConfigurableJsonSlurper.parseText(ConfigurableJsonSlurper.groovy:83)
at io.restassured.path.json.JsonPath$4$1.method(JsonPath.java:965)
at io.restassured.path.json.JsonPath$ExceptionCatcher.invoke(JsonPath.java:1000)
... 31 more
]]>
            </full-stacktrace>
          </exception> <!-- io.restassured.path.json.exception.JsonPathException -->
          <reporter-output>
          </reporter-output>
        </test-method> <!-- POST_tc003 -->
        <test-method signature="PUT_tc004()[pri:0, instance:com.RestAssured.com_Site1@1afd44cb]" started-at="2023-08-30T19:05:49 IST" name="PUT_tc004" finished-at="2023-08-30T19:05:50 IST" duration-ms="1408" status="PASS">
          <reporter-output>
          </reporter-output>
        </test-method> <!-- PUT_tc004 -->
      </class> <!-- com.RestAssured.com_Site1 -->
      <class name="ApiTesting.site1">
        <test-method signature="createToken()[pri:0, instance:ApiTesting.site1@a514af7]" started-at="2023-08-30T19:05:57 IST" name="createToken" finished-at="2023-08-30T19:05:59 IST" duration-ms="2847" status="PASS">
          <reporter-output>
          </reporter-output>
        </test-method> <!-- createToken -->
        <test-method signature="getBooking()[pri:0, instance:ApiTesting.site1@a514af7]" started-at="2023-08-30T19:05:59 IST" name="getBooking" finished-at="2023-08-30T19:06:01 IST" duration-ms="1976" status="PASS">
          <reporter-output>
          </reporter-output>
        </test-method> <!-- getBooking -->
        <test-method signature="getBookingIds()[pri:0, instance:ApiTesting.site1@a514af7]" started-at="2023-08-30T19:06:02 IST" name="getBookingIds" finished-at="2023-08-30T19:06:04 IST" duration-ms="2131" status="PASS">
          <reporter-output>
          </reporter-output>
        </test-method> <!-- getBookingIds -->
      </class> <!-- ApiTesting.site1 -->
      <class name="com.RestAssured.com_Site">
        <test-method is-config="true" signature="setUp()[pri:0, instance:com.RestAssured.com_Site@123ef382]" started-at="2023-08-30T19:05:50 IST" name="setUp" finished-at="2023-08-30T19:05:50 IST" duration-ms="4" status="PASS">
          <reporter-output>
          </reporter-output>
        </test-method> <!-- setUp -->
        <test-method signature="GET_tc001()[pri:1, instance:com.RestAssured.com_Site@123ef382]" started-at="2023-08-30T19:05:50 IST" name="GET_tc001" finished-at="2023-08-30T19:05:52 IST" duration-ms="2022" status="PASS">
          <reporter-output>
          </reporter-output>
        </test-method> <!-- GET_tc001 -->
        <test-method is-config="true" signature="setUp()[pri:0, instance:com.RestAssured.com_Site@123ef382]" started-at="2023-08-30T19:05:52 IST" name="setUp" finished-at="2023-08-30T19:05:52 IST" duration-ms="5" status="PASS">
          <reporter-output>
          </reporter-output>
        </test-method> <!-- setUp -->
        <test-method signature="Post()[pri:2, instance:com.RestAssured.com_Site@123ef382]" started-at="2023-08-30T19:05:52 IST" name="Post" finished-at="2023-08-30T19:05:54 IST" duration-ms="1571" status="PASS">
          <reporter-output>
          </reporter-output>
        </test-method> <!-- Post -->
        <test-method is-config="true" signature="setUp()[pri:0, instance:com.RestAssured.com_Site@123ef382]" started-at="2023-08-30T19:05:54 IST" name="setUp" finished-at="2023-08-30T19:05:54 IST" duration-ms="3" status="PASS">
          <reporter-output>
          </reporter-output>
        </test-method> <!-- setUp -->
        <test-method signature="Get_002()[pri:3, instance:com.RestAssured.com_Site@123ef382]" started-at="2023-08-30T19:05:54 IST" name="Get_002" finished-at="2023-08-30T19:05:55 IST" duration-ms="1372" status="PASS">
          <reporter-output>
          </reporter-output>
        </test-method> <!-- Get_002 -->
        <test-method is-config="true" signature="setUp()[pri:0, instance:com.RestAssured.com_Site@123ef382]" started-at="2023-08-30T19:05:55 IST" name="setUp" finished-at="2023-08-30T19:05:55 IST" duration-ms="1" status="PASS">
          <reporter-output>
          </reporter-output>
        </test-method> <!-- setUp -->
        <test-method signature="Delete()[pri:4, instance:com.RestAssured.com_Site@123ef382]" started-at="2023-08-30T19:05:55 IST" name="Delete" finished-at="2023-08-30T19:05:57 IST" duration-ms="1542" status="PASS">
          <reporter-output>
          </reporter-output>
        </test-method> <!-- Delete -->
      </class> <!-- com.RestAssured.com_Site -->
    </test> <!-- Test -->
  </suite> <!-- Suite -->
</testng-results>
